Added Component: Designator=C1(CN1.5)
Added Component: Designator=C2(CN1.5)
Added Component: Designator=C3(CN1.5)
Added Component: Designator=C4(CA-ALU-8)
Added Component: Designator=C5(CA-ALU-8)
Added Component: Designator=C6(CN1.5)
Added Component: Designator=C7(CA-ALU-8)
Added Component: Designator=D1(DIO-5A)
Added Component: Designator=J?(JP4-D1C)
Added Component: Designator=JDC1(DC0)
Added Component: Designator=L1(L-DIP-M-10)
Added Component: Designator=MD1(NODEMCU-V1.0)
Added Component: Designator=MD2(LORA-SOCKET)
Added Component: Designator=R1(RES-1/4W)
Added Component: Designator=R2(RES-1/4W)
Added Component: Designator=U1(TO263)
Added Component: Designator=U2(SOT223)
Added Pin To Net: NetName=5V Pin=MD1-VIN
Added Pin To Net: NetName=5V Pin=R1-1
Added Pin To Net: NetName=5V Pin=R2-1
Added Net: Name=5V
Added Pin To Net: NetName=D0 Pin=MD1-D0
Added Pin To Net: NetName=D0 Pin=MD2-15
Added Net: Name=D0
Added Pin To Net: NetName=D1 Pin=MD1-D1
Added Pin To Net: NetName=D1 Pin=R1-2
Added Net: Name=D1
Added Pin To Net: NetName=D2 Pin=MD1-D2
Added Pin To Net: NetName=D2 Pin=R2-2
Added Net: Name=D2
Added Pin To Net: NetName=D5 Pin=MD1-D5
Added Pin To Net: NetName=D5 Pin=MD2-12
Added Net: Name=D5
Added Pin To Net: NetName=D6 Pin=MD1-D6
Added Pin To Net: NetName=D6 Pin=MD2-13
Added Net: Name=D6
Added Pin To Net: NetName=D7 Pin=MD1-D7
Added Pin To Net: NetName=D7 Pin=MD2-14
Added Net: Name=D7
Added Pin To Net: NetName=D8 Pin=MD1-D8
Added Pin To Net: NetName=D8 Pin=MD2-5
Added Net: Name=D8
Added Pin To Net: NetName=GND Pin=C1-2
Added Pin To Net: NetName=GND Pin=C2-2
Added Pin To Net: NetName=GND Pin=C3-2
Added Pin To Net: NetName=GND Pin=C4-2
Added Pin To Net: NetName=GND Pin=C5-2
Added Pin To Net: NetName=GND Pin=C6-2
Added Pin To Net: NetName=GND Pin=C7-2
Added Pin To Net: NetName=GND Pin=D1-1
Added Pin To Net: NetName=GND Pin=JDC1-2
Added Pin To Net: NetName=GND Pin=JDC1-3
Added Pin To Net: NetName=GND Pin=MD1-GND
Added Pin To Net: NetName=GND Pin=MD1-GND
Added Pin To Net: NetName=GND Pin=MD1-GND
Added Pin To Net: NetName=GND Pin=MD1-GND
Added Pin To Net: NetName=GND Pin=MD2-2
Added Pin To Net: NetName=GND Pin=MD2-9
Added Pin To Net: NetName=GND Pin=MD2-16
Added Pin To Net: NetName=GND Pin=U1-3
Added Pin To Net: NetName=GND Pin=U1-5
Added Pin To Net: NetName=GND Pin=U2-1
Added Net: Name=GND
Added Pin To Net: NetName=NetC1_1 Pin=C1-1
Added Pin To Net: NetName=NetC1_1 Pin=C4-1
Added Pin To Net: NetName=NetC1_1 Pin=JDC1-1
Added Pin To Net: NetName=NetC1_1 Pin=U1-1
Added Net: Name=NetC1_1
Added Pin To Net: NetName=NetC6_1 Pin=C6-1
Added Pin To Net: NetName=NetC6_1 Pin=C7-1
Added Pin To Net: NetName=NetC6_1 Pin=L1-2
Added Pin To Net: NetName=NetC6_1 Pin=U1-4
Added Pin To Net: NetName=NetC6_1 Pin=U2-3
Added Net: Name=NetC6_1
Added Pin To Net: NetName=NetD1_2 Pin=D1-2
Added Pin To Net: NetName=NetD1_2 Pin=L1-1
Added Pin To Net: NetName=NetD1_2 Pin=U1-2
Added Net: Name=NetD1_2
Added Pin To Net: NetName=VLORA Pin=C2-1
Added Pin To Net: NetName=VLORA Pin=C3-1
Added Pin To Net: NetName=VLORA Pin=C5-1
Added Pin To Net: NetName=VLORA Pin=MD2-3
Added Pin To Net: NetName=VLORA Pin=U2-2
Added Net: Name=VLORA
Added Class: Name=IOTLoRaSmartGreenhouseGateway
Added Room: Name=IOTLoRaSmartGreenhouseGateway
